<?xml version="1.0" encoding="UTF-8"?>
<testsuite name="MainKtTest" tests="14" skipped="0" failures="0" errors="0" timestamp="2020-12-13T16:05:40" hostname="DESKTOP-30FJJC7" time="0.038">
  <properties/>
  <testcase name="comissionTestMaestroSale" classname="MainKtTest" time="0.01"/>
  <testcase name="comissionTestMastercard" classname="MainKtTest" time="0.009"/>
  <testcase name="comissionTestDis" classname="MainKtTest" time="0.0"/>
  <testcase name="comissionTestMir" classname="MainKtTest" time="0.0"/>
  <testcase name="comissionTestVisaMirSpecialFunc" classname="MainKtTest" time="0.0"/>
  <testcase name="comissionTestVisa" classname="MainKtTest" time="0.0"/>
  <testcase name="comissionTestVisaMin" classname="MainKtTest" time="0.0"/>
  <testcase name="comissionTestMaestro" classname="MainKtTest" time="0.0"/>
  <testcase name="comissionTestMastercardMaestroSpecialFunc" classname="MainKtTest" time="0.0"/>
  <testcase name="comissionTestMastercardSale" classname="MainKtTest" time="0.001"/>
  <testcase name="comissionTestMastercardMaestroSpecialFuncSale" classname="MainKtTest" time="0.0"/>
  <testcase name="comissionTestVKPay" classname="MainKtTest" time="0.0"/>
  <testcase name="comissionTestMirMin" classname="MainKtTest" time="0.0"/>
  <testcase name="comissionTestVKPayDef" classname="MainKtTest" time="0.017"/>
  <system-out><![CDATA[Вы хотите перевести 10000 руб.
Ваша комиссия составит - 0 руб. 

Вы хотите перевести 10000 руб.
Ваша комиссия составит - 0 руб. 

]]></system-out>
  <system-err><![CDATA[]]></system-err>
</testsuite>
